<?xml version="1.0" encoding="UTF-8"?>
<testsuite xmlns:xsi="http://www.w3.org/2001/XMLSchema-instance" xsi:noNamespaceSchemaLocation="https://maven.apache.org/surefire/maven-surefire-plugin/xsd/surefire-test-report-3.0.xsd" version="3.0" name="org.microservices.emailservice.EmailServiceApplicationTests" time="5.986" tests="1" errors="0" skipped="0" failures="0">
  <properties>
[...]
</properties>
  <testcase name="contextLoads" classname="org.microservices.emailservice.EmailServiceApplicationTests" time="0.832">
    <system-out><![CDATA[15:49:58.049 [main] INFO org.springframework.test.context.support.AnnotationConfigContextLoaderUtils -- Could not detect default configuration classes for test class [org.microservices.emailservice.EmailServiceApplicationTests]: EmailServiceApplicationTests does not declare any static, non-private, non-final, nested classes annotated with @Configuration.
15:49:58.293 [main] INFO org.springframework.boot.test.context.SpringBootTestContextBootstrapper -- Found @SpringBootConfiguration org.microservices.emailservice.EmailServiceApplication for test class org.microservices.emailservice.EmailServiceApplicationTests

  .   ____          _            __ _ _
 /\\ / ___'_ __ _ _(_)_ __  __ _ \ \ \ \
( ( )\___ | '_ | '_| | '_ \/ _` | \ \ \ \
 \\/  ___)| |_)| | | | | || (_| |  ) ) ) )
  '  |____| .__|_| |_|_| |_\__, | / / / /
 =========|_|==============|___/=/_/_/_/

 :: Spring Boot ::                (v3.3.4)

2024-10-05T15:49:59.311Z  INFO 14300 --- [EmailService] [           main] o.m.e.EmailServiceApplicationTests       : Starting EmailServiceApplicationTests using Java 21 with PID 14300 (started by ITCompliance in C:\Users\ITCompliance\Downloads\MicroServices\EmailService)
2024-10-05T15:49:59.312Z  INFO 14300 --- [EmailService] [           main] o.m.e.EmailServiceApplicationTests       : The following 1 profile is active: "dev"
2024-10-05T15:50:02.443Z DEBUG 14300 --- [EmailService] [           main] .a.r.l.a.MessagingMessageListenerAdapter : Inferred argument type for public void org.microservices.emailservice.services.EmailConsumerService.receiveEmail(org.microservices.emailservice.dto.EmailMessage) is class org.microservices.emailservice.dto.EmailMessage
2024-10-05T15:50:02.474Z DEBUG 14300 --- [EmailService] [           main] o.s.a.r.l.SimpleMessageListenerContainer : No global properties bean
2024-10-05T15:50:02.487Z DEBUG 14300 --- [EmailService] [           main] o.s.a.r.l.SimpleMessageListenerContainer : Starting Rabbit listener container.
2024-10-05T15:50:02.493Z  INFO 14300 --- [EmailService] [           main] o.s.a.r.c.CachingConnectionFactory       : Attempting to connect to: [localhost:5672]
2024-10-05T15:50:02.637Z  INFO 14300 --- [EmailService] [           main] o.s.a.r.c.CachingConnectionFactory       : Created new connection: rabbitConnectionFactory#49a6f486:0/SimpleConnection@2fc49538 [delegate=amqp://guest@127.0.0.1:5672/, localPort=55680]
2024-10-05T15:50:02.645Z DEBUG 14300 --- [EmailService] [           main] o.s.amqp.rabbit.core.RabbitAdmin         : Initializing declarations
2024-10-05T15:50:02.668Z DEBUG 14300 --- [EmailService] [           main] o.s.a.r.c.CachingConnectionFactory       : Creating cached Rabbit Channel from AMQChannel(amqp://guest@127.0.0.1:5672/,1)
2024-10-05T15:50:02.693Z DEBUG 14300 --- [EmailService] [           main] o.s.amqp.rabbit.core.RabbitTemplate      : Executing callback RabbitAdmin$$Lambda/0x000001fa0453bb48 on RabbitMQ Channel: Cached Rabbit Channel: AMQChannel(amqp://guest@127.0.0.1:5672/,1), conn: Proxy@3b41e1bf Shared Rabbit Connection: SimpleConnection@2fc49538 [delegate=amqp://guest@127.0.0.1:5672/, localPort=55680]
2024-10-05T15:50:02.694Z DEBUG 14300 --- [EmailService] [           main] o.s.amqp.rabbit.core.RabbitAdmin         : declaring Queue 'emailQueue'
2024-10-05T15:50:02.711Z DEBUG 14300 --- [EmailService] [           main] o.s.amqp.rabbit.core.RabbitAdmin         : Declarations finished
2024-10-05T15:50:02.736Z DEBUG 14300 --- [EmailService] [ntContainer#0-1] o.s.amqp.rabbit.core.RabbitTemplate      : Executing callback RabbitAdmin$$Lambda/0x000001fa04545f30 on RabbitMQ Channel: Cached Rabbit Channel: AMQChannel(amqp://guest@127.0.0.1:5672/,1), conn: Proxy@3b41e1bf Shared Rabbit Connection: SimpleConnection@2fc49538 [delegate=amqp://guest@127.0.0.1:5672/, localPort=55680]
2024-10-05T15:50:02.748Z DEBUG 14300 --- [EmailService] [ntContainer#0-1] o.s.a.r.listener.BlockingQueueConsumer   : Starting consumer Consumer@5e599100: tags=[[]], channel=null, acknowledgeMode=AUTO local queue size=0
2024-10-05T15:50:02.794Z DEBUG 14300 --- [EmailService] [ntContainer#0-1] o.s.a.r.listener.BlockingQueueConsumer   : Started on queue 'emailQueue' with tag amq.ctag-cjHFkFjRB75KHhcXaIZEOA: Consumer@5e599100: tags=[[]], channel=Cached Rabbit Channel: AMQChannel(amqp://guest@127.0.0.1:5672/,1), conn: Proxy@3b41e1bf Shared Rabbit Connection: SimpleConnection@2fc49538 [delegate=amqp://guest@127.0.0.1:5672/, localPort=55680], acknowledgeMode=AUTO local queue size=0
2024-10-05T15:50:02.801Z DEBUG 14300 --- [EmailService] [pool-2-thread-3] o.s.a.r.listener.BlockingQueueConsumer   : ConsumeOK: Consumer@5e599100: tags=[[amq.ctag-cjHFkFjRB75KHhcXaIZEOA]], channel=Cached Rabbit Channel: AMQChannel(amqp://guest@127.0.0.1:5672/,1), conn: Proxy@3b41e1bf Shared Rabbit Connection: SimpleConnection@2fc49538 [delegate=amqp://guest@127.0.0.1:5672/, localPort=55680], acknowledgeMode=AUTO local queue size=0
2024-10-05T15:50:02.818Z  INFO 14300 --- [EmailService] [           main] o.m.e.EmailServiceApplicationTests       : Started EmailServiceApplicationTests in 4.142 seconds (process running for 6.131)
]]></system-out>
  </testcase>
</testsuite>